# JRE version: Java(TM) SE Runtime Environment (8.0_162-b12) (build 1.8.0_162-b12)
# Java VM: Java HotSpot(TM) 64-Bit Server VM (25.162-b12 mixed mode linux-amd64 compressed oops)
Heap:
 PSYoungGen      total 912384K, used 456704K [0x000000076c800000, 0x00000007c0000000, 0x00000007c0000000)
  eden space 456704K, 100% used [0x000000076c800000,0x0000000788600000,0x0000000788600000)
  from space 455680K, 0% used [0x00000007a4300000,0x00000007a4300000,0x00000007c0000000)
  to   space 455680K, 0% used [0x0000000788600000,0x0000000788600000,0x00000007a4300000)
 ParOldGen       total 2736128K, used 2736094K [0x00000006c5800000, 0x000000076c800000, 0x000000076c800000)
  object space 2736128K, 99% used [0x00000006c5800000,0x000000076c7f7800,0x000000076c800000)
 Metaspace       used 2814K, capacity 4564K, committed 4864K, reserved 1056768K
  class space    used 295K, capacity 388K, committed 512K, reserved 1048576K
GC Heap History (10 events):
Event: 71,533 GC heap after
Heap after GC invocations=28 (full 14):
 PSYoungGen      total 912384K, used 448180K [0x000000076c800000, 0x00000007c0000000, 0x00000007c0000000)
  eden space 456704K, 98% used [0x000000076c800000,0x0000000787dad238,0x0000000788600000)
  from space 455680K, 0% used [0x00000007a4300000,0x00000007a4300000,0x00000007c0000000)
  to   space 455680K, 0% used [0x0000000788600000,0x0000000788600000,0x00000007a4300000)
 ParOldGen       total 2736128K, used 2735889K [0x00000006c5800000, 0x000000076c800000, 0x000000076c800000)
  object space 2736128K, 99% used [0x00000006c5800000,0x000000076c7c45e8,0x000000076c800000)
 Metaspace       used 2814K, capacity 4564K, committed 4864K, reserved 1056768K
  class space    used 295K, capacity 388K, committed 512K, reserved 1048576K
}
Event: 71,542 GC heap before
{Heap before GC invocations=29 (full 15):
 PSYoungGen      total 912384K, used 456704K [0x000000076c800000, 0x00000007c0000000, 0x00000007c0000000)
  eden space 456704K, 100% used [0x000000076c800000,0x0000000788600000,0x0000000788600000)
  from space 455680K, 0% used [0x00000007a4300000,0x00000007a4300000,0x00000007c0000000)
  to   space 455680K, 0% used [0x0000000788600000,0x0000000788600000,0x00000007a4300000)
 ParOldGen       total 2736128K, used 2735889K [0x00000006c5800000, 0x000000076c800000, 0x000000076c800000)
  object space 2736128K, 99% used [0x00000006c5800000,0x000000076c7c45e8,0x000000076c800000)
 Metaspace       used 2814K, capacity 4564K, committed 4864K, reserved 1056768K
  class space    used 295K, capacity 388K, committed 512K, reserved 1048576K
Event: 77,684 GC heap after
Heap after GC invocations=29 (full 15):
 PSYoungGen      total 912384K, used 453091K [0x000000076c800000, 0x00000007c0000000, 0x00000007c0000000)
  eden space 456704K, 99% used [0x000000076c800000,0x0000000788278d88,0x0000000788600000)
  from space 455680K, 0% used [0x00000007a4300000,0x00000007a4300000,0x00000007c0000000)
  to   space 455680K, 0% used [0x0000000788600000,0x0000000788600000,0x00000007a4300000)
 ParOldGen       total 2736128K, used 2735742K [0x00000006c5800000, 0x000000076c800000, 0x000000076c800000)
  object space 2736128K, 99% used [0x00000006c5800000,0x000000076c79f890,0x000000076c800000)
 Metaspace       used 2814K, capacity 4564K, committed 4864K, reserved 1056768K
  class space    used 295K, capacity 388K, committed 512K, reserved 1048576K
}
Event: 77,688 GC heap before
{Heap before GC invocations=30 (full 16):
 PSYoungGen      total 912384K, used 456704K [0x000000076c800000, 0x00000007c0000000, 0x00000007c0000000)
  eden space 456704K, 100% used [0x000000076c800000,0x0000000788600000,0x0000000788600000)
  from space 455680K, 0% used [0x00000007a4300000,0x00000007a4300000,0x00000007c0000000)
  to   space 455680K, 0% used [0x0000000788600000,0x0000000788600000,0x00000007a4300000)
 ParOldGen       total 2736128K, used 2735742K [0x00000006c5800000, 0x000000076c800000, 0x000000076c800000)
  object space 2736128K, 99% used [0x00000006c5800000,0x000000076c79f890,0x000000076c800000)
 Metaspace       used 2814K, capacity 4564K, committed 4864K, reserved 1056768K
  class space    used 295K, capacity 388K, committed 512K, reserved 1048576K
Event: 84,821 GC heap after
Heap after GC invocations=30 (full 16):
 PSYoungGen      total 912384K, used 455071K [0x000000076c800000, 0x00000007c0000000, 0x00000007c0000000)
  eden space 456704K, 99% used [0x000000076c800000,0x0000000788467f00,0x0000000788600000)
  from space 455680K, 0% used [0x00000007a4300000,0x00000007a4300000,0x00000007c0000000)
  to   space 455680K, 0% used [0x0000000788600000,0x0000000788600000,0x00000007a4300000)
 ParOldGen       total 2736128K, used 2735707K [0x00000006c5800000, 0x000000076c800000, 0x000000076c800000)
  object space 2736128K, 99% used [0x00000006c5800000,0x000000076c796ee0,0x000000076c800000)
 Metaspace       used 2814K, capacity 4564K, committed 4864K, reserved 1056768K
  class space    used 295K, capacity 388K, committed 512K, reserved 1048576K
}
Event: 84,823 GC heap before
{Heap before GC invocations=31 (full 17):
 PSYoungGen      total 912384K, used 456704K [0x000000076c800000, 0x00000007c0000000, 0x00000007c0000000)
  eden space 456704K, 100% used [0x000000076c800000,0x0000000788600000,0x0000000788600000)
  from space 455680K, 0% used [0x00000007a4300000,0x00000007a4300000,0x00000007c0000000)
  to   space 455680K, 0% used [0x0000000788600000,0x0000000788600000,0x00000007a4300000)
 ParOldGen       total 2736128K, used 2735707K [0x00000006c5800000, 0x000000076c800000, 0x000000076c800000)
  object space 2736128K, 99% used [0x00000006c5800000,0x000000076c796ee0,0x000000076c800000)
 Metaspace       used 2814K, capacity 4564K, committed 4864K, reserved 1056768K
  class space    used 295K, capacity 388K, committed 512K, reserved 1048576K
Event: 94,239 GC heap after
Heap after GC invocations=31 (full 17):
 PSYoungGen      total 912384K, used 455648K [0x000000076c800000, 0x00000007c0000000, 0x00000007c0000000)
  eden space 456704K, 99% used [0x000000076c800000,0x00000007884f8378,0x0000000788600000)
  from space 455680K, 0% used [0x00000007a4300000,0x00000007a4300000,0x00000007c0000000)
  to   space 455680K, 0% used [0x0000000788600000,0x0000000788600000,0x00000007a4300000)
 ParOldGen       total 2736128K, used 2735826K [0x00000006c5800000, 0x000000076c800000, 0x000000076c800000)
  object space 2736128K, 99% used [0x00000006c5800000,0x000000076c7b4a28,0x000000076c800000)
 Metaspace       used 2814K, capacity 4564K, committed 4864K, reserved 1056768K
  class space    used 295K, capacity 388K, committed 512K, reserved 1048576K
}
Event: 94,240 GC heap before
{Heap before GC invocations=32 (full 18):
 PSYoungGen      total 912384K, used 456704K [0x000000076c800000, 0x00000007c0000000, 0x00000007c0000000)
  eden space 456704K, 100% used [0x000000076c800000,0x0000000788600000,0x0000000788600000)
  from space 455680K, 0% used [0x00000007a4300000,0x00000007a4300000,0x00000007c0000000)
  to   space 455680K, 0% used [0x0000000788600000,0x0000000788600000,0x00000007a4300000)
 ParOldGen       total 2736128K, used 2735826K [0x00000006c5800000, 0x000000076c800000, 0x000000076c800000)
  object space 2736128K, 99% used [0x00000006c5800000,0x000000076c7b4a28,0x000000076c800000)
 Metaspace       used 2814K, capacity 4564K, committed 4864K, reserved 1056768K
  class space    used 295K, capacity 388K, committed 512K, reserved 1048576K
Event: 103,656 GC heap after
Heap after GC invocations=32 (full 18):
 PSYoungGen      total 912384K, used 455874K [0x000000076c800000, 0x00000007c0000000, 0x00000007c0000000)
  eden space 456704K, 99% used [0x000000076c800000,0x0000000788530a08,0x0000000788600000)
  from space 455680K, 0% used [0x00000007a4300000,0x00000007a4300000,0x00000007c0000000)
  to   space 455680K, 0% used [0x0000000788600000,0x0000000788600000,0x00000007a4300000)
 ParOldGen       total 2736128K, used 2736094K [0x00000006c5800000, 0x000000076c800000, 0x000000076c800000)
  object space 2736128K, 99% used [0x00000006c5800000,0x000000076c7f7800,0x000000076c800000)
 Metaspace       used 2814K, capacity 4564K, committed 4864K, reserved 1056768K
  class space    used 295K, capacity 388K, committed 512K, reserved 1048576K
}
Event: 103,657 GC heap before
{Heap before GC invocations=33 (full 19):
 PSYoungGen      total 912384K, used 456704K [0x000000076c800000, 0x00000007c0000000, 0x00000007c0000000)
  eden space 456704K, 100% used [0x000000076c800000,0x0000000788600000,0x0000000788600000)
  from space 455680K, 0% used [0x00000007a4300000,0x00000007a4300000,0x00000007c0000000)
  to   space 455680K, 0% used [0x0000000788600000,0x0000000788600000,0x00000007a4300000)
 ParOldGen       total 2736128K, used 2736094K [0x00000006c5800000, 0x000000076c800000, 0x000000076c800000)
  object space 2736128K, 99% used [0x00000006c5800000,0x000000076c7f7800,0x000000076c800000)
 Metaspace       used 2814K, capacity 4564K, committed 4864K, reserved 1056768K
  class space    used 295K, capacity 388K, committed 512K, reserved 1048576K

